2025-05-11 13:14:29,725 - INFO - \U0001f504 Starting audio classification MLOps pipeline...
2025-05-11 13:14:29,732 - INFO - \U0001f680 Training model: LogisticRegression_Light
2025-05-11 13:43:35,989 - INFO - \U0001f4e6 Saved model and metrics to: Models\LogisticRegression_Light\20250511_134335
2025-05-11 13:43:35,996 - INFO - \U0001f4ca Validation Metrics: {'accuracy': 0.8658881811748054, 'precision': 0.872478386167147, 'recall': 0.8570417551309271, 'f1_score': 0.864691181720814, 'roc_auc': np.float64(0.8658881811748054), 'conf_matrix': [[1236, 177], [202, 1211]]}
2025-05-11 13:43:36,001 - INFO - \U0001f4ca Test Metrics: {'accuracy': 0.7444852941176471, 'precision': 0.8166666666666667, 'recall': 0.6305147058823529, 'f1_score': 0.7116182572614108, 'roc_auc': np.float64(0.744485294117647), 'conf_matrix': [[467, 77], [201, 343]]}
2025-05-11 13:43:36,005 - INFO - \U0001f680 Training model: RandomForest_Medium
2025-05-11 13:47:48,833 - INFO - \U0001f4e6 Saved model and metrics to: Models\RandomForest_Medium\20250511_134748
2025-05-11 13:47:48,839 - INFO - \U0001f4ca Validation Metrics: {'accuracy': 0.9394904458598726, 'precision': 0.914, 'recall': 0.970276008492569, 'f1_score': 0.94129763130793, 'roc_auc': np.float64(0.9394904458598726), 'conf_matrix': [[1284, 129], [42, 1371]]}
2025-05-11 13:47:48,845 - INFO - \U0001f4ca Test Metrics: {'accuracy': 0.9007352941176471, 'precision': 0.8374613003095975, 'recall': 0.9944852941176471, 'f1_score': 0.9092436974789916, 'roc_auc': np.float64(0.9007352941176472), 'conf_matrix': [[439, 105], [3, 541]]}
2025-05-11 13:47:48,853 - INFO - \U0001f680 Training model: RandomForest_Heavy
2025-05-11 14:07:06,191 - INFO - \U0001f4e6 Saved model and metrics to: Models\RandomForest_Heavy\20250511_140705
2025-05-11 14:07:06,198 - INFO - \U0001f4ca Validation Metrics: {'accuracy': 0.9571832979476291, 'precision': 0.9341397849462365, 'recall': 0.9837225760792639, 'f1_score': 0.958290244743192, 'roc_auc': np.float64(0.9571832979476292), 'conf_matrix': [[1315, 98], [23, 1390]]}
2025-05-11 14:07:06,205 - INFO - \U0001f4ca Test Metrics: {'accuracy': 0.9319852941176471, 'precision': 0.8827361563517915, 'recall': 0.9963235294117647, 'f1_score': 0.9360967184801382, 'roc_auc': np.float64(0.9319852941176471), 'conf_matrix': [[472, 72], [2, 542]]}
2025-05-11 14:07:06,211 - INFO - \U0001f680 Training model: LightGBM_Light
2025-05-11 14:08:31,756 - INFO - \U0001f4e6 Saved model and metrics to: Models\LightGBM_Light\20250511_140831
2025-05-11 14:08:31,763 - INFO - \U0001f4ca Validation Metrics: {'accuracy': 0.9748761500353857, 'precision': 0.9712078651685393, 'recall': 0.9787685774946921, 'f1_score': 0.974973563623546, 'roc_auc': np.float64(0.9748761500353856), 'conf_matrix': [[1372, 41], [30, 1383]]}
2025-05-11 14:08:31,769 - INFO - \U0001f4ca Test Metrics: {'accuracy': 0.9466911764705882, 'precision': 0.9637404580152672, 'recall': 0.9283088235294118, 'f1_score': 0.9456928838951311, 'roc_auc': np.float64(0.9466911764705882), 'conf_matrix': [[525, 19], [39, 505]]}
2025-05-11 14:08:31,777 - INFO - \U0001f680 Training model: LightGBM_Heavy
2025-05-11 14:21:01,995 - INFO - \U0001f4e6 Saved model and metrics to: Models\LightGBM_Heavy\20250511_142101
2025-05-11 14:21:02,001 - INFO - \U0001f4ca Validation Metrics: {'accuracy': 0.9869072894550601, 'precision': 0.982468443197756, 'recall': 0.9915074309978769, 'f1_score': 0.986967241986615, 'roc_auc': np.float64(0.9869072894550602), 'conf_matrix': [[1388, 25], [12, 1401]]}
2025-05-11 14:21:02,006 - INFO - \U0001f4ca Test Metrics: {'accuracy': 0.9393382352941176, 'precision': 0.9458955223880597, 'recall': 0.9319852941176471, 'f1_score': 0.9388888888888889, 'roc_auc': np.float64(0.9393382352941176), 'conf_matrix': [[515, 29], [37, 507]]}
2025-05-11 14:21:02,013 - INFO - \u2705 Pipeline complete: all models trained and saved.
